{"/Users/amirreza/Documents/Devs/seraph-v2/src/agent.ts": {"path":"/Users/amirreza/Documents/Devs/seraph-v2/src/agent.ts","statementMap":{"0":{"start":{"line":1,"column":0},"end":{"line":1,"column":78}},"1":{"start":{"line":3,"column":0},"end":{"line":3,"column":42}},"2":{"start":{"line":4,"column":0},"end":{"line":4,"column":42}},"3":{"start":{"line":5,"column":0},"end":{"line":5,"column":36}},"4":{"start":{"line":8,"column":0},"end":{"line":68,"column":1}},"5":{"start":{"line":9,"column":21},"end":{"line":9,"column":31}},"6":{"start":{"line":10,"column":24},"end":{"line":10,"column":49}},"7":{"start":{"line":11,"column":19},"end":{"line":11,"column":44}},"8":{"start":{"line":13,"column":21},"end":{"line":51,"column":3}},"9":{"start":{"line":14,"column":16},"end":{"line":14,"column":115}},"10":{"start":{"line":15,"column":19},"end":{"line":23,"column":6}},"11":{"start":{"line":25,"column":4},"end":{"line":50,"column":5}},"12":{"start":{"line":26,"column":17},"end":{"line":26,"column":48}},"13":{"start":{"line":27,"column":6},"end":{"line":27,"column":12}},"14":{"start":{"line":30,"column":24},"end":{"line":30,"column":62}},"15":{"start":{"line":31,"column":6},"end":{"line":33,"column":7}},"16":{"start":{"line":32,"column":8},"end":{"line":32,"column":28}},"17":{"start":{"line":35,"column":6},"end":{"line":35,"column":30}},"18":{"start":{"line":37,"column":6},"end":{"line":37,"column":12}},"19":{"start":{"line":38,"column":6},"end":{"line":38,"column":35}},"20":{"start":{"line":39,"column":6},"end":{"line":39,"column":83}},"21":{"start":{"line":42,"column":6},"end":{"line":47,"column":9}},"22":{"start":{"line":49,"column":6},"end":{"line":49,"column":66}},"23":{"start":{"line":53,"column":2},"end":{"line":67,"column":5}},"24":{"start":{"line":54,"column":4},"end":{"line":54,"column":88}},"25":{"start":{"line":55,"column":21},"end":{"line":55,"column":42}},"26":{"start":{"line":57,"column":4},"end":{"line":66,"column":5}},"27":{"start":{"line":58,"column":6},"end":{"line":58,"column":96}},"28":{"start":{"line":59,"column":6},"end":{"line":59,"column":90}},"29":{"start":{"line":60,"column":6},"end":{"line":65,"column":9}},"30":{"start":{"line":71,"column":30},"end":{"line":71,"column":32}},"31":{"start":{"line":72,"column":23},"end":{"line":72,"column":24}},"32":{"start":{"line":73,"column":33},"end":{"line":73,"column":35}},"33":{"start":{"line":75,"column":22},"end":{"line":75,"column":42}},"34":{"start":{"line":76,"column":4},"end":{"line":78,"column":5}},"35":{"start":{"line":77,"column":6},"end":{"line":77,"column":25}},"36":{"start":{"line":82,"column":4},"end":{"line":82,"column":51}},"37":{"start":{"line":83,"column":4},"end":{"line":92,"column":5}},"38":{"start":{"line":83,"column":17},"end":{"line":83,"column":18}},"39":{"start":{"line":84,"column":21},"end":{"line":86,"column":8}},"40":{"start":{"line":87,"column":6},"end":{"line":87,"column":71}},"41":{"start":{"line":87,"column":34},"end":{"line":87,"column":69}},"42":{"start":{"line":88,"column":6},"end":{"line":90,"column":9}},"43":{"start":{"line":89,"column":8},"end":{"line":89,"column":79}},"44":{"start":{"line":89,"column":24},"end":{"line":89,"column":79}},"45":{"start":{"line":91,"column":6},"end":{"line":91,"column":32}},"46":{"start":{"line":96,"column":4},"end":{"line":96,"column":32}},"47":{"start":{"line":99,"column":4},"end":{"line":113,"column":5}},"48":{"start":{"line":100,"column":6},"end":{"line":112,"column":7}},"49":{"start":{"line":101,"column":8},"end":{"line":111,"column":9}},"50":{"start":{"line":102,"column":24},"end":{"line":102,"column":42}},"51":{"start":{"line":103,"column":10},"end":{"line":108,"column":11}},"52":{"start":{"line":104,"column":12},"end":{"line":104,"column":38}},"53":{"start":{"line":107,"column":12},"end":{"line":107,"column":19}},"54":{"start":{"line":110,"column":10},"end":{"line":110,"column":96}},"55":{"start":{"line":115,"column":4},"end":{"line":118,"column":5}},"56":{"start":{"line":116,"column":6},"end":{"line":116,"column":61}},"57":{"start":{"line":117,"column":6},"end":{"line":117,"column":13}},"58":{"start":{"line":119,"column":4},"end":{"line":119,"column":51}},"59":{"start":{"line":120,"column":4},"end":{"line":120,"column":66}},"60":{"start":{"line":123,"column":4},"end":{"line":123,"column":30}},"61":{"start":{"line":124,"column":4},"end":{"line":126,"column":5}},"62":{"start":{"line":125,"column":6},"end":{"line":125,"column":30}},"63":{"start":{"line":130,"column":4},"end":{"line":130,"column":27}},"64":{"start":{"line":134,"column":4},"end":{"line":134,"column":48}},"65":{"start":{"line":135,"column":4},"end":{"line":137,"column":5}},"66":{"start":{"line":136,"column":6},"end":{"line":136,"column":25}},"67":{"start":{"line":70,"column":0},"end":{"line":70,"column":13}}},"fnMap":{"0":{"name":"(anonymous_0)","decl":{"start":{"line":13,"column":21},"end":{"line":13,"column":26}},"loc":{"start":{"line":13,"column":43},"end":{"line":51,"column":3}}},"1":{"name":"(anonymous_1)","decl":{"start":{"line":53,"column":28},"end":{"line":53,"column":33}},"loc":{"start":{"line":53,"column":50},"end":{"line":67,"column":3}}},"2":{"name":"(anonymous_2)","decl":{"start":{"line":75,"column":2},"end":{"line":75,"column":22}},"loc":{"start":{"line":75,"column":42},"end":{"line":79,"column":3}}},"3":{"name":"(anonymous_3)","decl":{"start":{"line":81,"column":10},"end":{"line":81,"column":21}},"loc":{"start":{"line":81,"column":21},"end":{"line":93,"column":3}}},"4":{"name":"(anonymous_4)","decl":{"start":{"line":87,"column":25},"end":{"line":87,"column":26}},"loc":{"start":{"line":87,"column":34},"end":{"line":87,"column":69}}},"5":{"name":"(anonymous_5)","decl":{"start":{"line":88,"column":24},"end":{"line":88,"column":25}},"loc":{"start":{"line":88,"column":33},"end":{"line":90,"column":7}}},"6":{"name":"(anonymous_6)","decl":{"start":{"line":95,"column":9},"end":{"line":95,"column":17}},"loc":{"start":{"line":95,"column":29},"end":{"line":127,"column":3}}},"7":{"name":"(anonymous_7)","decl":{"start":{"line":129,"column":9},"end":{"line":129,"column":22}},"loc":{"start":{"line":129,"column":22},"end":{"line":131,"column":3}}},"8":{"name":"(anonymous_8)","decl":{"start":{"line":133,"column":9},"end":{"line":133,"column":17}},"loc":{"start":{"line":133,"column":17},"end":{"line":138,"column":3}}}},"branchMap":{"0":{"loc":{"start":{"line":8,"column":0},"end":{"line":68,"column":1}},"type":"if","locations":[{"start":{"line":8,"column":0},"end":{"line":68,"column":1}}]},"1":{"loc":{"start":{"line":31,"column":6},"end":{"line":33,"column":7}},"type":"if","locations":[{"start":{"line":31,"column":6},"end":{"line":33,"column":7}}]},"2":{"loc":{"start":{"line":31,"column":10},"end":{"line":31,"column":35}},"type":"binary-expr","locations":[{"start":{"line":31,"column":10},"end":{"line":31,"column":19}},{"start":{"line":31,"column":23},"end":{"line":31,"column":35}}]},"3":{"loc":{"start":{"line":57,"column":4},"end":{"line":66,"column":5}},"type":"if","locations":[{"start":{"line":57,"column":4},"end":{"line":66,"column":5}}]},"4":{"loc":{"start":{"line":76,"column":4},"end":{"line":78,"column":5}},"type":"if","locations":[{"start":{"line":76,"column":4},"end":{"line":78,"column":5}}]},"5":{"loc":{"start":{"line":89,"column":8},"end":{"line":89,"column":79}},"type":"if","locations":[{"start":{"line":89,"column":8},"end":{"line":89,"column":79}}]},"6":{"loc":{"start":{"line":99,"column":4},"end":{"line":113,"column":5}},"type":"if","locations":[{"start":{"line":99,"column":4},"end":{"line":113,"column":5}}]},"7":{"loc":{"start":{"line":99,"column":8},"end":{"line":99,"column":67}},"type":"binary-expr","locations":[{"start":{"line":99,"column":8},"end":{"line":99,"column":30}},{"start":{"line":99,"column":34},"end":{"line":99,"column":67}}]},"8":{"loc":{"start":{"line":103,"column":10},"end":{"line":108,"column":11}},"type":"if","locations":[{"start":{"line":103,"column":10},"end":{"line":108,"column":11}}]},"9":{"loc":{"start":{"line":115,"column":4},"end":{"line":118,"column":5}},"type":"if","locations":[{"start":{"line":115,"column":4},"end":{"line":118,"column":5}}]},"10":{"loc":{"start":{"line":124,"column":4},"end":{"line":126,"column":5}},"type":"if","locations":[{"start":{"line":124,"column":4},"end":{"line":126,"column":5}}]}},"s":{"0":6,"1":6,"2":6,"3":6,"4":6,"5":3,"6":3,"7":3,"8":3,"9":3,"10":3,"11":3,"12":3,"13":2,"14":2,"15":2,"16":0,"17":2,"18":2,"19":2,"20":2,"21":2,"22":2,"23":3,"24":3,"25":3,"26":3,"27":1,"28":1,"29":1,"30":6,"31":6,"32":6,"33":6,"34":6,"35":6,"36":6,"37":6,"38":6,"39":12,"40":12,"41":0,"42":12,"43":0,"44":0,"45":12,"46":113,"47":113,"48":113,"49":224,"50":224,"51":223,"52":1,"53":1,"54":1,"55":112,"56":0,"57":0,"58":112,"59":112,"60":112,"61":112,"62":10,"63":1,"64":1,"65":1,"66":2,"67":6},"f":{"0":3,"1":3,"2":6,"3":6,"4":0,"5":0,"6":113,"7":1,"8":1},"b":{"0":[3],"1":[0],"2":[2,0],"3":[1],"4":[6],"5":[0],"6":[113],"7":[113,113],"8":[1],"9":[0],"10":[10]}}
,"/Users/amirreza/Documents/Devs/seraph-v2/src/alerter.ts": {"path":"/Users/amirreza/Documents/Devs/seraph-v2/src/alerter.ts","statementMap":{"0":{"start":{"line":2,"column":0},"end":{"line":2,"column":31}},"1":{"start":{"line":7,"column":22},"end":{"line":7,"column":42}},"2":{"start":{"line":8,"column":4},"end":{"line":8,"column":63}},"3":{"start":{"line":12,"column":4},"end":{"line":15,"column":5}},"4":{"start":{"line":13,"column":6},"end":{"line":13,"column":94}},"5":{"start":{"line":14,"column":6},"end":{"line":14,"column":13}},"6":{"start":{"line":17,"column":4},"end":{"line":17,"column":97}},"7":{"start":{"line":19,"column":18},"end":{"line":30,"column":6}},"8":{"start":{"line":32,"column":4},"end":{"line":49,"column":5}},"9":{"start":{"line":33,"column":23},"end":{"line":39,"column":8}},"10":{"start":{"line":41,"column":6},"end":{"line":43,"column":7}},"11":{"start":{"line":42,"column":8},"end":{"line":42,"column":109}},"12":{"start":{"line":45,"column":6},"end":{"line":45,"column":78}},"13":{"start":{"line":48,"column":6},"end":{"line":48,"column":76}},"14":{"start":{"line":4,"column":0},"end":{"line":4,"column":13}}},"fnMap":{"0":{"name":"(anonymous_1)","decl":{"start":{"line":7,"column":2},"end":{"line":7,"column":22}},"loc":{"start":{"line":7,"column":42},"end":{"line":9,"column":3}}},"1":{"name":"(anonymous_2)","decl":{"start":{"line":11,"column":9},"end":{"line":11,"column":14}},"loc":{"start":{"line":11,"column":53},"end":{"line":50,"column":3}}}},"branchMap":{"0":{"loc":{"start":{"line":8,"column":27},"end":{"line":8,"column":62}},"type":"binary-expr","locations":[{"start":{"line":8,"column":27},"end":{"line":8,"column":56}},{"start":{"line":8,"column":60},"end":{"line":8,"column":62}}]},"1":{"loc":{"start":{"line":12,"column":4},"end":{"line":15,"column":5}},"type":"if","locations":[{"start":{"line":12,"column":4},"end":{"line":15,"column":5}}]},"2":{"loc":{"start":{"line":22,"column":16},"end":{"line":22,"column":43}},"type":"binary-expr","locations":[{"start":{"line":22,"column":16},"end":{"line":22,"column":30}},{"start":{"line":22,"column":34},"end":{"line":22,"column":43}}]},"3":{"loc":{"start":{"line":23,"column":14},"end":{"line":23,"column":39}},"type":"binary-expr","locations":[{"start":{"line":23,"column":14},"end":{"line":23,"column":26}},{"start":{"line":23,"column":30},"end":{"line":23,"column":39}}]},"4":{"loc":{"start":{"line":27,"column":21},"end":{"line":27,"column":62}},"type":"binary-expr","locations":[{"start":{"line":27,"column":21},"end":{"line":27,"column":36}},{"start":{"line":27,"column":40},"end":{"line":27,"column":62}}]},"5":{"loc":{"start":{"line":28,"column":13},"end":{"line":28,"column":46}},"type":"binary-expr","locations":[{"start":{"line":28,"column":13},"end":{"line":28,"column":24}},{"start":{"line":28,"column":28},"end":{"line":28,"column":46}}]},"6":{"loc":{"start":{"line":41,"column":6},"end":{"line":43,"column":7}},"type":"if","locations":[{"start":{"line":41,"column":6},"end":{"line":43,"column":7}}]}},"s":{"0":5,"1":4,"2":4,"3":4,"4":1,"5":1,"6":3,"7":3,"8":3,"9":3,"10":2,"11":1,"12":1,"13":2,"14":5},"f":{"0":4,"1":4},"b":{"0":[4,1],"1":[1],"2":[3,0],"3":[3,0],"4":[3,0],"5":[3,0],"6":[1]}}
,"/Users/amirreza/Documents/Devs/seraph-v2/src/chat.ts": {"path":"/Users/amirreza/Documents/Devs/seraph-v2/src/chat.ts","statementMap":{"0":{"start":{"line":4,"column":0},"end":{"line":4,"column":7}},"1":{"start":{"line":2,"column":0},"end":{"line":2,"column":42}},"2":{"start":{"line":9,"column":19},"end":{"line":9,"column":44}},"3":{"start":{"line":11,"column":15},"end":{"line":11,"column":22}},"4":{"start":{"line":12,"column":2},"end":{"line":22,"column":3}},"5":{"start":{"line":13,"column":4},"end":{"line":21,"column":8}},"6":{"start":{"line":24,"column":2},"end":{"line":24,"column":35}}},"fnMap":{"0":{"name":"chat","decl":{"start":{"line":4,"column":22},"end":{"line":4,"column":26}},"loc":{"start":{"line":7,"column":17},"end":{"line":25,"column":1}}}},"branchMap":{"0":{"loc":{"start":{"line":12,"column":2},"end":{"line":22,"column":3}},"type":"if","locations":[{"start":{"line":12,"column":2},"end":{"line":22,"column":3}}]},"1":{"loc":{"start":{"line":12,"column":6},"end":{"line":12,"column":29}},"type":"binary-expr","locations":[{"start":{"line":12,"column":6},"end":{"line":12,"column":10}},{"start":{"line":12,"column":14},"end":{"line":12,"column":29}}]}},"s":{"0":2,"1":2,"2":3,"3":3,"4":3,"5":1,"6":3},"f":{"0":3},"b":{"0":[1],"1":[3,1]}}
,"/Users/amirreza/Documents/Devs/seraph-v2/src/config.ts": {"path":"/Users/amirreza/Documents/Devs/seraph-v2/src/config.ts","statementMap":{"0":{"start":{"line":31,"column":0},"end":{"line":31,"column":16}},"1":{"start":{"line":1,"column":0},"end":{"line":1,"column":25}},"2":{"start":{"line":2,"column":0},"end":{"line":2,"column":29}},"3":{"start":{"line":18,"column":36},"end":{"line":29,"column":2}},"4":{"start":{"line":32,"column":21},"end":{"line":32,"column":67}},"5":{"start":{"line":33,"column":42},"end":{"line":33,"column":44}},"6":{"start":{"line":35,"column":2},"end":{"line":41,"column":3}},"7":{"start":{"line":36,"column":4},"end":{"line":40,"column":5}},"8":{"start":{"line":37,"column":6},"end":{"line":37,"column":68}},"9":{"start":{"line":39,"column":6},"end":{"line":39,"column":77}},"10":{"start":{"line":43,"column":31},"end":{"line":48,"column":4}},"11":{"start":{"line":50,"column":2},"end":{"line":52,"column":3}},"12":{"start":{"line":51,"column":4},"end":{"line":51,"column":55}},"13":{"start":{"line":54,"column":2},"end":{"line":54,"column":16}}},"fnMap":{"0":{"name":"loadConfig","decl":{"start":{"line":31,"column":16},"end":{"line":31,"column":26}},"loc":{"start":{"line":31,"column":26},"end":{"line":55,"column":1}}}},"branchMap":{"0":{"loc":{"start":{"line":21,"column":10},"end":{"line":21,"column":44}},"type":"binary-expr","locations":[{"start":{"line":21,"column":10},"end":{"line":21,"column":36}},{"start":{"line":21,"column":40},"end":{"line":21,"column":44}}]},"1":{"loc":{"start":{"line":35,"column":2},"end":{"line":41,"column":3}},"type":"if","locations":[{"start":{"line":35,"column":2},"end":{"line":41,"column":3}}]},"2":{"loc":{"start":{"line":50,"column":2},"end":{"line":52,"column":3}},"type":"if","locations":[{"start":{"line":50,"column":2},"end":{"line":52,"column":3}}]},"3":{"loc":{"start":{"line":51,"column":20},"end":{"line":51,"column":54}},"type":"binary-expr","locations":[{"start":{"line":51,"column":20},"end":{"line":51,"column":46}},{"start":{"line":51,"column":50},"end":{"line":51,"column":54}}]}},"s":{"0":1,"1":1,"2":1,"3":1,"4":4,"5":4,"6":4,"7":2,"8":2,"9":0,"10":4,"11":4,"12":3,"13":4},"f":{"0":4},"b":{"0":[1,1],"1":[2],"2":[3],"3":[3,2]}}
,"/Users/amirreza/Documents/Devs/seraph-v2/src/metrics.ts": {"path":"/Users/amirreza/Documents/Devs/seraph-v2/src/metrics.ts","statementMap":{"0":{"start":{"line":1,"column":0},"end":{"line":1,"column":66}},"1":{"start":{"line":3,"column":13},"end":{"line":3,"column":39}},"2":{"start":{"line":5,"column":13},"end":{"line":39,"column":2}}},"fnMap":{},"branchMap":{},"s":{"0":5,"1":5,"2":5},"f":{},"b":{}}
,"/Users/amirreza/Documents/Devs/seraph-v2/src/server.ts": {"path":"/Users/amirreza/Documents/Devs/seraph-v2/src/server.ts","statementMap":{"0":{"start":{"line":14,"column":0},"end":{"line":14,"column":16}},"1":{"start":{"line":1,"column":0},"end":{"line":1,"column":29}},"2":{"start":{"line":2,"column":0},"end":{"line":2,"column":27}},"3":{"start":{"line":3,"column":0},"end":{"line":3,"column":25}},"4":{"start":{"line":4,"column":0},"end":{"line":4,"column":29}},"5":{"start":{"line":7,"column":0},"end":{"line":7,"column":37}},"6":{"start":{"line":8,"column":0},"end":{"line":8,"column":31}},"7":{"start":{"line":10,"column":22},"end":{"line":10,"column":47}},"8":{"start":{"line":11,"column":26},"end":{"line":11,"column":31}},"9":{"start":{"line":12,"column":32},"end":{"line":12,"column":35}},"10":{"start":{"line":15,"column":2},"end":{"line":15,"column":62}},"11":{"start":{"line":15,"column":20},"end":{"line":15,"column":41}},"12":{"start":{"line":17,"column":17},"end":{"line":115,"column":4}},"13":{"start":{"line":18,"column":21},"end":{"line":18,"column":45}},"14":{"start":{"line":20,"column":4},"end":{"line":114,"column":5}},"15":{"start":{"line":21,"column":6},"end":{"line":29,"column":7}},"16":{"start":{"line":22,"column":29},"end":{"line":22,"column":67}},"17":{"start":{"line":23,"column":8},"end":{"line":23,"column":50}},"18":{"start":{"line":24,"column":8},"end":{"line":28,"column":9}},"19":{"start":{"line":25,"column":10},"end":{"line":25,"column":69}},"20":{"start":{"line":26,"column":10},"end":{"line":26,"column":85}},"21":{"start":{"line":27,"column":10},"end":{"line":27,"column":17}},"22":{"start":{"line":31,"column":31},"end":{"line":31,"column":42}},"23":{"start":{"line":32,"column":17},"end":{"line":32,"column":19}},"24":{"start":{"line":33,"column":6},"end":{"line":40,"column":9}},"25":{"start":{"line":34,"column":8},"end":{"line":34,"column":36}},"26":{"start":{"line":34,"column":29},"end":{"line":34,"column":36}},"27":{"start":{"line":35,"column":8},"end":{"line":35,"column":33}},"28":{"start":{"line":36,"column":8},"end":{"line":39,"column":9}},"29":{"start":{"line":37,"column":10},"end":{"line":37,"column":69}},"30":{"start":{"line":38,"column":10},"end":{"line":38,"column":85}},"31":{"start":{"line":41,"column":6},"end":{"line":57,"column":9}},"32":{"start":{"line":42,"column":8},"end":{"line":42,"column":36}},"33":{"start":{"line":42,"column":29},"end":{"line":42,"column":36}},"34":{"start":{"line":43,"column":8},"end":{"line":47,"column":9}},"35":{"start":{"line":44,"column":10},"end":{"line":44,"column":69}},"36":{"start":{"line":45,"column":10},"end":{"line":45,"column":119}},"37":{"start":{"line":46,"column":10},"end":{"line":46,"column":17}},"38":{"start":{"line":49,"column":8},"end":{"line":56,"column":9}},"39":{"start":{"line":50,"column":10},"end":{"line":50,"column":38}},"40":{"start":{"line":51,"column":10},"end":{"line":51,"column":69}},"41":{"start":{"line":52,"column":10},"end":{"line":52,"column":58}},"42":{"start":{"line":54,"column":10},"end":{"line":54,"column":69}},"43":{"start":{"line":55,"column":10},"end":{"line":55,"column":87}},"44":{"start":{"line":58,"column":11},"end":{"line":114,"column":5}},"45":{"start":{"line":59,"column":6},"end":{"line":59,"column":65}},"46":{"start":{"line":60,"column":6},"end":{"line":60,"column":48}},"47":{"start":{"line":61,"column":11},"end":{"line":114,"column":5}},"48":{"start":{"line":62,"column":6},"end":{"line":62,"column":58}},"49":{"start":{"line":63,"column":6},"end":{"line":63,"column":40}},"50":{"start":{"line":64,"column":11},"end":{"line":114,"column":5}},"51":{"start":{"line":65,"column":17},"end":{"line":65,"column":19}},"52":{"start":{"line":66,"column":6},"end":{"line":68,"column":9}},"53":{"start":{"line":67,"column":8},"end":{"line":67,"column":33}},"54":{"start":{"line":69,"column":6},"end":{"line":110,"column":9}},"55":{"start":{"line":70,"column":8},"end":{"line":109,"column":9}},"56":{"start":{"line":71,"column":10},"end":{"line":75,"column":11}},"57":{"start":{"line":72,"column":12},"end":{"line":72,"column":71}},"58":{"start":{"line":73,"column":12},"end":{"line":73,"column":89}},"59":{"start":{"line":74,"column":12},"end":{"line":74,"column":19}},"60":{"start":{"line":76,"column":30},"end":{"line":76,"column":46}},"61":{"start":{"line":77,"column":10},"end":{"line":81,"column":11}},"62":{"start":{"line":78,"column":12},"end":{"line":78,"column":71}},"63":{"start":{"line":79,"column":12},"end":{"line":79,"column":89}},"64":{"start":{"line":80,"column":12},"end":{"line":80,"column":19}},"65":{"start":{"line":82,"column":27},"end":{"line":85,"column":null}},"66":{"start":{"line":87,"column":10},"end":{"line":87,"column":63}},"67":{"start":{"line":88,"column":10},"end":{"line":88,"column":28}},"68":{"start":{"line":90,"column":10},"end":{"line":101,"column":11}},"69":{"start":{"line":91,"column":12},"end":{"line":93,"column":15}},"70":{"start":{"line":94,"column":12},"end":{"line":99,"column":14}},"71":{"start":{"line":100,"column":12},"end":{"line":100,"column":19}},"72":{"start":{"line":102,"column":10},"end":{"line":102,"column":69}},"73":{"start":{"line":103,"column":10},"end":{"line":108,"column":12}},"74":{"start":{"line":112,"column":6},"end":{"line":112,"column":65}},"75":{"start":{"line":113,"column":6},"end":{"line":113,"column":73}},"76":{"start":{"line":117,"column":2},"end":{"line":119,"column":5}},"77":{"start":{"line":122,"column":24},"end":{"line":122,"column":64}},"78":{"start":{"line":123,"column":20},"end":{"line":130,"column":4}},"79":{"start":{"line":124,"column":4},"end":{"line":129,"column":7}},"80":{"start":{"line":125,"column":22},"end":{"line":125,"column":37}},"81":{"start":{"line":126,"column":6},"end":{"line":128,"column":7}},"82":{"start":{"line":127,"column":8},"end":{"line":127,"column":67}},"83":{"start":{"line":133,"column":2},"end":{"line":135,"column":3}},"84":{"start":{"line":134,"column":4},"end":{"line":134,"column":33}},"85":{"start":{"line":137,"column":2},"end":{"line":139,"column":5}},"86":{"start":{"line":138,"column":4},"end":{"line":138,"column":38}},"87":{"start":{"line":142,"column":23},"end":{"line":142,"column":28}},"88":{"start":{"line":143,"column":19},"end":{"line":160,"column":3}},"89":{"start":{"line":144,"column":4},"end":{"line":144,"column":31}},"90":{"start":{"line":144,"column":24},"end":{"line":144,"column":31}},"91":{"start":{"line":145,"column":4},"end":{"line":145,"column":26}},"92":{"start":{"line":147,"column":4},"end":{"line":147,"column":47}},"93":{"start":{"line":149,"column":4},"end":{"line":151,"column":7}},"94":{"start":{"line":150,"column":6},"end":{"line":150,"column":41}},"95":{"start":{"line":153,"column":4},"end":{"line":159,"column":7}},"96":{"start":{"line":154,"column":6},"end":{"line":154,"column":40}},"97":{"start":{"line":155,"column":6},"end":{"line":158,"column":7}},"98":{"start":{"line":156,"column":8},"end":{"line":156,"column":37}},"99":{"start":{"line":157,"column":8},"end":{"line":157,"column":48}},"100":{"start":{"line":162,"column":2},"end":{"line":162,"column":34}},"101":{"start":{"line":163,"column":2},"end":{"line":163,"column":33}},"102":{"start":{"line":165,"column":2},"end":{"line":165,"column":16}}},"fnMap":{"0":{"name":"startServer","decl":{"start":{"line":14,"column":16},"end":{"line":14,"column":27}},"loc":{"start":{"line":14,"column":76},"end":{"line":166,"column":1}}},"1":{"name":"(anonymous_10)","decl":{"start":{"line":15,"column":14},"end":{"line":15,"column":17}},"loc":{"start":{"line":15,"column":20},"end":{"line":15,"column":41}}},"2":{"name":"(anonymous_11)","decl":{"start":{"line":17,"column":35},"end":{"line":17,"column":40}},"loc":{"start":{"line":17,"column":54},"end":{"line":115,"column":3}}},"3":{"name":"(anonymous_12)","decl":{"start":{"line":33,"column":21},"end":{"line":33,"column":26}},"loc":{"start":{"line":33,"column":29},"end":{"line":40,"column":7}}},"4":{"name":"(anonymous_13)","decl":{"start":{"line":41,"column":20},"end":{"line":41,"column":23}},"loc":{"start":{"line":41,"column":25},"end":{"line":57,"column":7}}},"5":{"name":"(anonymous_14)","decl":{"start":{"line":66,"column":21},"end":{"line":66,"column":22}},"loc":{"start":{"line":66,"column":31},"end":{"line":68,"column":7}}},"6":{"name":"(anonymous_15)","decl":{"start":{"line":69,"column":20},"end":{"line":69,"column":25}},"loc":{"start":{"line":69,"column":31},"end":{"line":110,"column":7}}},"7":{"name":"(anonymous_16)","decl":{"start":{"line":117,"column":29},"end":{"line":117,"column":32}},"loc":{"start":{"line":117,"column":34},"end":{"line":119,"column":3}}},"8":{"name":"(anonymous_17)","decl":{"start":{"line":123,"column":37},"end":{"line":123,"column":38}},"loc":{"start":{"line":123,"column":48},"end":{"line":130,"column":3}}},"9":{"name":"(anonymous_18)","decl":{"start":{"line":124,"column":22},"end":{"line":124,"column":23}},"loc":{"start":{"line":124,"column":31},"end":{"line":129,"column":5}}},"10":{"name":"(anonymous_19)","decl":{"start":{"line":137,"column":34},"end":{"line":137,"column":37}},"loc":{"start":{"line":137,"column":39},"end":{"line":139,"column":3}}},"11":{"name":"(anonymous_20)","decl":{"start":{"line":143,"column":19},"end":{"line":143,"column":22}},"loc":{"start":{"line":143,"column":24},"end":{"line":160,"column":3}}},"12":{"name":"(anonymous_21)","decl":{"start":{"line":149,"column":17},"end":{"line":149,"column":20}},"loc":{"start":{"line":149,"column":22},"end":{"line":151,"column":5}}},"13":{"name":"(anonymous_22)","decl":{"start":{"line":153,"column":20},"end":{"line":153,"column":23}},"loc":{"start":{"line":153,"column":25},"end":{"line":159,"column":5}}}},"branchMap":{"0":{"loc":{"start":{"line":20,"column":4},"end":{"line":114,"column":5}},"type":"if","locations":[{"start":{"line":20,"column":4},"end":{"line":114,"column":5}},{"start":{"line":58,"column":11},"end":{"line":114,"column":5}}]},"1":{"loc":{"start":{"line":20,"column":8},"end":{"line":20,"column":52}},"type":"binary-expr","locations":[{"start":{"line":20,"column":8},"end":{"line":20,"column":27}},{"start":{"line":20,"column":31},"end":{"line":20,"column":52}}]},"2":{"loc":{"start":{"line":21,"column":6},"end":{"line":29,"column":7}},"type":"if","locations":[{"start":{"line":21,"column":6},"end":{"line":29,"column":7}}]},"3":{"loc":{"start":{"line":22,"column":30},"end":{"line":22,"column":62}},"type":"binary-expr","locations":[{"start":{"line":22,"column":30},"end":{"line":22,"column":57}},{"start":{"line":22,"column":61},"end":{"line":22,"column":62}}]},"4":{"loc":{"start":{"line":24,"column":8},"end":{"line":28,"column":9}},"type":"if","locations":[{"start":{"line":24,"column":8},"end":{"line":28,"column":9}}]},"5":{"loc":{"start":{"line":34,"column":8},"end":{"line":34,"column":36}},"type":"if","locations":[{"start":{"line":34,"column":8},"end":{"line":34,"column":36}}]},"6":{"loc":{"start":{"line":36,"column":8},"end":{"line":39,"column":9}},"type":"if","locations":[{"start":{"line":36,"column":8},"end":{"line":39,"column":9}}]},"7":{"loc":{"start":{"line":42,"column":8},"end":{"line":42,"column":36}},"type":"if","locations":[{"start":{"line":42,"column":8},"end":{"line":42,"column":36}}]},"8":{"loc":{"start":{"line":43,"column":8},"end":{"line":47,"column":9}},"type":"if","locations":[{"start":{"line":43,"column":8},"end":{"line":47,"column":9}}]},"9":{"loc":{"start":{"line":43,"column":12},"end":{"line":43,"column":58}},"type":"binary-expr","locations":[{"start":{"line":43,"column":12},"end":{"line":43,"column":36}},{"start":{"line":43,"column":40},"end":{"line":43,"column":58}}]},"10":{"loc":{"start":{"line":58,"column":11},"end":{"line":114,"column":5}},"type":"if","locations":[{"start":{"line":58,"column":11},"end":{"line":114,"column":5}},{"start":{"line":61,"column":11},"end":{"line":114,"column":5}}]},"11":{"loc":{"start":{"line":58,"column":15},"end":{"line":58,"column":60}},"type":"binary-expr","locations":[{"start":{"line":58,"column":15},"end":{"line":58,"column":36}},{"start":{"line":58,"column":40},"end":{"line":58,"column":60}}]},"12":{"loc":{"start":{"line":61,"column":11},"end":{"line":114,"column":5}},"type":"if","locations":[{"start":{"line":61,"column":11},"end":{"line":114,"column":5}},{"start":{"line":64,"column":11},"end":{"line":114,"column":5}}]},"13":{"loc":{"start":{"line":61,"column":15},"end":{"line":61,"column":61}},"type":"binary-expr","locations":[{"start":{"line":61,"column":15},"end":{"line":61,"column":37}},{"start":{"line":61,"column":41},"end":{"line":61,"column":61}}]},"14":{"loc":{"start":{"line":64,"column":11},"end":{"line":114,"column":5}},"type":"if","locations":[{"start":{"line":64,"column":11},"end":{"line":114,"column":5}},{"start":{"line":111,"column":11},"end":{"line":114,"column":5}}]},"15":{"loc":{"start":{"line":64,"column":15},"end":{"line":64,"column":59}},"type":"binary-expr","locations":[{"start":{"line":64,"column":15},"end":{"line":64,"column":34}},{"start":{"line":64,"column":38},"end":{"line":64,"column":59}}]},"16":{"loc":{"start":{"line":71,"column":10},"end":{"line":75,"column":11}},"type":"if","locations":[{"start":{"line":71,"column":10},"end":{"line":75,"column":11}}]},"17":{"loc":{"start":{"line":77,"column":10},"end":{"line":81,"column":11}},"type":"if","locations":[{"start":{"line":77,"column":10},"end":{"line":81,"column":11}}]},"18":{"loc":{"start":{"line":90,"column":10},"end":{"line":101,"column":11}},"type":"if","locations":[{"start":{"line":90,"column":10},"end":{"line":101,"column":11}}]},"19":{"loc":{"start":{"line":126,"column":6},"end":{"line":128,"column":7}},"type":"if","locations":[{"start":{"line":126,"column":6},"end":{"line":128,"column":7}}]},"20":{"loc":{"start":{"line":133,"column":2},"end":{"line":135,"column":3}},"type":"if","locations":[{"start":{"line":133,"column":2},"end":{"line":135,"column":3}}]},"21":{"loc":{"start":{"line":144,"column":4},"end":{"line":144,"column":31}},"type":"if","locations":[{"start":{"line":144,"column":4},"end":{"line":144,"column":31}}]},"22":{"loc":{"start":{"line":155,"column":6},"end":{"line":158,"column":7}},"type":"if","locations":[{"start":{"line":155,"column":6},"end":{"line":158,"column":7}}]}},"s":{"0":2,"1":2,"2":2,"3":2,"4":2,"5":2,"6":2,"7":2,"8":2,"9":2,"10":12,"11":9,"12":12,"13":112,"14":112,"15":104,"16":104,"17":104,"18":104,"19":1,"20":1,"21":1,"22":103,"23":103,"24":103,"25":119,"26":0,"27":119,"28":119,"29":1,"30":1,"31":103,"32":103,"33":1,"34":102,"35":1,"36":1,"37":1,"38":101,"39":101,"40":101,"41":101,"42":0,"43":0,"44":8,"45":1,"46":1,"47":7,"48":1,"49":1,"50":6,"51":5,"52":5,"53":4,"54":5,"55":5,"56":5,"57":1,"58":1,"59":1,"60":4,"61":3,"62":1,"63":1,"64":1,"65":2,"66":1,"67":1,"68":2,"69":1,"70":1,"71":1,"72":1,"73":1,"74":1,"75":1,"76":12,"77":12,"78":12,"79":0,"80":0,"81":0,"82":0,"83":12,"84":9,"85":12,"86":12,"87":12,"88":12,"89":0,"90":0,"91":0,"92":0,"93":0,"94":0,"95":0,"96":0,"97":0,"98":0,"99":0,"100":12,"101":12,"102":12},"f":{"0":12,"1":9,"2":112,"3":119,"4":103,"5":4,"6":5,"7":12,"8":0,"9":0,"10":12,"11":0,"12":0,"13":0},"b":{"0":[104,8],"1":[112,104],"2":[104],"3":[104,4],"4":[1],"5":[0],"6":[1],"7":[1],"8":[1],"9":[102,102],"10":[1,7],"11":[8,1],"12":[1,6],"13":[7,1],"14":[5,1],"15":[6,5],"16":[1],"17":[1],"18":[1],"19":[0],"20":[9],"21":[0],"22":[0]}}
,"/Users/amirreza/Documents/Devs/seraph-v2/src/llm/anthropic.ts": {"path":"/Users/amirreza/Documents/Devs/seraph-v2/src/llm/anthropic.ts","statementMap":{"0":{"start":{"line":1,"column":0},"end":{"line":1,"column":42}},"1":{"start":{"line":10,"column":4},"end":{"line":12,"column":5}},"2":{"start":{"line":11,"column":6},"end":{"line":11,"column":64}},"3":{"start":{"line":13,"column":4},"end":{"line":13,"column":62}},"4":{"start":{"line":14,"column":4},"end":{"line":14,"column":63}},"5":{"start":{"line":18,"column":21},"end":{"line":22,"column":6}},"6":{"start":{"line":24,"column":4},"end":{"line":26,"column":5}},"7":{"start":{"line":25,"column":6},"end":{"line":25,"column":38}},"8":{"start":{"line":28,"column":4},"end":{"line":28,"column":14}},"9":{"start":{"line":5,"column":0},"end":{"line":5,"column":13}}},"fnMap":{"0":{"name":"(anonymous_1)","decl":{"start":{"line":9,"column":2},"end":{"line":9,"column":14}},"loc":{"start":{"line":9,"column":34},"end":{"line":15,"column":3}}},"1":{"name":"(anonymous_2)","decl":{"start":{"line":17,"column":2},"end":{"line":17,"column":7}},"loc":{"start":{"line":17,"column":31},"end":{"line":29,"column":3}}}},"branchMap":{"0":{"loc":{"start":{"line":10,"column":4},"end":{"line":12,"column":5}},"type":"if","locations":[{"start":{"line":10,"column":4},"end":{"line":12,"column":5}}]},"1":{"loc":{"start":{"line":14,"column":17},"end":{"line":14,"column":62}},"type":"binary-expr","locations":[{"start":{"line":14,"column":17},"end":{"line":14,"column":34}},{"start":{"line":14,"column":38},"end":{"line":14,"column":62}}]},"2":{"loc":{"start":{"line":24,"column":4},"end":{"line":26,"column":5}},"type":"if","locations":[{"start":{"line":24,"column":4},"end":{"line":26,"column":5}}]}},"s":{"0":9,"1":3,"2":1,"3":2,"4":2,"5":2,"6":1,"7":1,"8":0,"9":9},"f":{"0":3,"1":2},"b":{"0":[1],"1":[2,2],"2":[1]}}
,"/Users/amirreza/Documents/Devs/seraph-v2/src/llm/gemini.ts": {"path":"/Users/amirreza/Documents/Devs/seraph-v2/src/llm/gemini.ts","statementMap":{"0":{"start":{"line":1,"column":0},"end":{"line":1,"column":59}},"1":{"start":{"line":10,"column":4},"end":{"line":12,"column":5}},"2":{"start":{"line":11,"column":6},"end":{"line":11,"column":61}},"3":{"start":{"line":13,"column":4},"end":{"line":13,"column":55}},"4":{"start":{"line":14,"column":4},"end":{"line":14,"column":62}},"5":{"start":{"line":18,"column":18},"end":{"line":18,"column":70}},"6":{"start":{"line":19,"column":19},"end":{"line":19,"column":54}},"7":{"start":{"line":20,"column":21},"end":{"line":20,"column":42}},"8":{"start":{"line":21,"column":4},"end":{"line":21,"column":27}},"9":{"start":{"line":5,"column":0},"end":{"line":5,"column":13}}},"fnMap":{"0":{"name":"(anonymous_0)","decl":{"start":{"line":9,"column":2},"end":{"line":9,"column":14}},"loc":{"start":{"line":9,"column":34},"end":{"line":15,"column":3}}},"1":{"name":"(anonymous_1)","decl":{"start":{"line":17,"column":2},"end":{"line":17,"column":7}},"loc":{"start":{"line":17,"column":31},"end":{"line":22,"column":3}}}},"branchMap":{"0":{"loc":{"start":{"line":10,"column":4},"end":{"line":12,"column":5}},"type":"if","locations":[{"start":{"line":10,"column":4},"end":{"line":12,"column":5}}]},"1":{"loc":{"start":{"line":14,"column":17},"end":{"line":14,"column":61}},"type":"binary-expr","locations":[{"start":{"line":14,"column":17},"end":{"line":14,"column":34}},{"start":{"line":14,"column":38},"end":{"line":14,"column":61}}]}},"s":{"0":9,"1":3,"2":1,"3":2,"4":2,"5":2,"6":2,"7":1,"8":1,"9":9},"f":{"0":3,"1":2},"b":{"0":[1],"1":[2,2]}}
,"/Users/amirreza/Documents/Devs/seraph-v2/src/llm/index.ts": {"path":"/Users/amirreza/Documents/Devs/seraph-v2/src/llm/index.ts","statementMap":{"0":{"start":{"line":7,"column":0},"end":{"line":7,"column":16}},"1":{"start":{"line":2,"column":0},"end":{"line":2,"column":42}},"2":{"start":{"line":3,"column":0},"end":{"line":3,"column":48}},"3":{"start":{"line":4,"column":0},"end":{"line":4,"column":42}},"4":{"start":{"line":8,"column":2},"end":{"line":17,"column":3}},"5":{"start":{"line":10,"column":6},"end":{"line":10,"column":40}},"6":{"start":{"line":12,"column":6},"end":{"line":12,"column":43}},"7":{"start":{"line":14,"column":6},"end":{"line":14,"column":40}},"8":{"start":{"line":16,"column":6},"end":{"line":16,"column":40}}},"fnMap":{"0":{"name":"createLLMProvider","decl":{"start":{"line":7,"column":16},"end":{"line":7,"column":33}},"loc":{"start":{"line":7,"column":54},"end":{"line":18,"column":1}}}},"branchMap":{"0":{"loc":{"start":{"line":8,"column":2},"end":{"line":17,"column":3}},"type":"switch","locations":[{"start":{"line":9,"column":4},"end":{"line":10,"column":40}},{"start":{"line":11,"column":4},"end":{"line":12,"column":43}},{"start":{"line":13,"column":4},"end":{"line":14,"column":40}},{"start":{"line":15,"column":4},"end":{"line":16,"column":40}}]}},"s":{"0":7,"1":7,"2":7,"3":7,"4":4,"5":1,"6":1,"7":1,"8":1},"f":{"0":4},"b":{"0":[1,1,1,1]}}
,"/Users/amirreza/Documents/Devs/seraph-v2/src/llm/openai.ts": {"path":"/Users/amirreza/Documents/Devs/seraph-v2/src/llm/openai.ts","statementMap":{"0":{"start":{"line":1,"column":0},"end":{"line":1,"column":28}},"1":{"start":{"line":10,"column":4},"end":{"line":12,"column":5}},"2":{"start":{"line":11,"column":6},"end":{"line":11,"column":61}},"3":{"start":{"line":13,"column":4},"end":{"line":13,"column":56}},"4":{"start":{"line":14,"column":4},"end":{"line":14,"column":52}},"5":{"start":{"line":18,"column":21},"end":{"line":21,"column":6}},"6":{"start":{"line":22,"column":4},"end":{"line":22,"column":53}},"7":{"start":{"line":5,"column":0},"end":{"line":5,"column":13}}},"fnMap":{"0":{"name":"(anonymous_1)","decl":{"start":{"line":9,"column":2},"end":{"line":9,"column":14}},"loc":{"start":{"line":9,"column":34},"end":{"line":15,"column":3}}},"1":{"name":"(anonymous_2)","decl":{"start":{"line":17,"column":2},"end":{"line":17,"column":7}},"loc":{"start":{"line":17,"column":31},"end":{"line":23,"column":3}}}},"branchMap":{"0":{"loc":{"start":{"line":10,"column":4},"end":{"line":12,"column":5}},"type":"if","locations":[{"start":{"line":10,"column":4},"end":{"line":12,"column":5}}]},"1":{"loc":{"start":{"line":14,"column":17},"end":{"line":14,"column":51}},"type":"binary-expr","locations":[{"start":{"line":14,"column":17},"end":{"line":14,"column":34}},{"start":{"line":14,"column":38},"end":{"line":14,"column":51}}]},"2":{"loc":{"start":{"line":22,"column":11},"end":{"line":22,"column":52}},"type":"binary-expr","locations":[{"start":{"line":22,"column":11},"end":{"line":22,"column":46}},{"start":{"line":22,"column":50},"end":{"line":22,"column":52}}]}},"s":{"0":9,"1":3,"2":1,"3":2,"4":2,"5":2,"6":1,"7":9},"f":{"0":3,"1":2},"b":{"0":[1],"1":[2,2],"2":[1,0]}}
}
