TN:
SF:src/agent.ts
FN:13,(anonymous_0)
FN:53,(anonymous_1)
FN:75,(anonymous_2)
FN:81,(anonymous_3)
FN:87,(anonymous_4)
FN:88,(anonymous_5)
FN:95,(anonymous_6)
FN:129,(anonymous_7)
FN:133,(anonymous_8)
FNF:9
FNH:7
FNDA:3,(anonymous_0)
FNDA:3,(anonymous_1)
FNDA:6,(anonymous_2)
FNDA:6,(anonymous_3)
FNDA:0,(anonymous_4)
FNDA:0,(anonymous_5)
FNDA:113,(anonymous_6)
FNDA:1,(anonymous_7)
FNDA:1,(anonymous_8)
DA:1,6
DA:3,6
DA:4,6
DA:5,6
DA:8,6
DA:9,3
DA:10,3
DA:11,3
DA:13,3
DA:14,3
DA:15,3
DA:25,3
DA:26,3
DA:27,2
DA:30,2
DA:31,2
DA:32,0
DA:35,2
DA:37,2
DA:38,2
DA:39,2
DA:42,2
DA:49,2
DA:53,3
DA:54,3
DA:55,3
DA:57,3
DA:58,1
DA:59,1
DA:60,1
DA:70,6
DA:71,6
DA:72,6
DA:73,6
DA:75,6
DA:76,6
DA:77,6
DA:82,6
DA:83,6
DA:84,12
DA:87,12
DA:88,12
DA:89,0
DA:91,12
DA:96,113
DA:99,113
DA:100,113
DA:101,224
DA:102,224
DA:103,223
DA:104,1
DA:107,1
DA:110,1
DA:115,112
DA:116,0
DA:117,0
DA:119,112
DA:120,112
DA:123,112
DA:124,112
DA:125,10
DA:130,1
DA:134,1
DA:135,1
DA:136,2
LF:65
LH:61
BRDA:8,0,0,3
BRDA:31,1,0,0
BRDA:31,2,0,2
BRDA:31,2,1,0
BRDA:57,3,0,1
BRDA:76,4,0,6
BRDA:89,5,0,0
BRDA:99,6,0,113
BRDA:99,7,0,113
BRDA:99,7,1,113
BRDA:103,8,0,1
BRDA:115,9,0,0
BRDA:124,10,0,10
BRF:13
BRH:9
end_of_record
TN:
SF:src/alerter.ts
FN:7,(anonymous_1)
FN:11,(anonymous_2)
FNF:2
FNH:2
FNDA:4,(anonymous_1)
FNDA:4,(anonymous_2)
DA:2,5
DA:4,5
DA:7,4
DA:8,4
DA:12,4
DA:13,1
DA:14,1
DA:17,3
DA:19,3
DA:32,3
DA:33,3
DA:41,2
DA:42,1
DA:45,1
DA:48,2
LF:15
LH:15
BRDA:8,0,0,4
BRDA:8,0,1,1
BRDA:12,1,0,1
BRDA:22,2,0,3
BRDA:22,2,1,0
BRDA:23,3,0,3
BRDA:23,3,1,0
BRDA:27,4,0,3
BRDA:27,4,1,0
BRDA:28,5,0,3
BRDA:28,5,1,0
BRDA:41,6,0,1
BRF:12
BRH:8
end_of_record
TN:
SF:src/chat.ts
FN:4,chat
FNF:1
FNH:1
FNDA:3,chat
DA:2,2
DA:4,2
DA:9,3
DA:11,3
DA:12,3
DA:13,1
DA:24,3
LF:7
LH:7
BRDA:12,0,0,1
BRDA:12,1,0,3
BRDA:12,1,1,1
BRF:3
BRH:3
end_of_record
TN:
SF:src/config.ts
FN:31,loadConfig
FNF:1
FNH:1
FNDA:4,loadConfig
DA:1,1
DA:2,1
DA:18,1
DA:31,1
DA:32,4
DA:33,4
DA:35,4
DA:36,2
DA:37,2
DA:39,0
DA:43,4
DA:50,4
DA:51,3
DA:54,4
LF:14
LH:13
BRDA:21,0,0,1
BRDA:21,0,1,1
BRDA:35,1,0,2
BRDA:50,2,0,3
BRDA:51,3,0,3
BRDA:51,3,1,2
BRF:6
BRH:6
end_of_record
TN:
SF:src/metrics.ts
FNF:0
FNH:0
DA:1,5
DA:3,5
DA:5,5
LF:3
LH:3
BRF:0
BRH:0
end_of_record
TN:
SF:src/server.ts
FN:14,startServer
FN:15,(anonymous_10)
FN:17,(anonymous_11)
FN:33,(anonymous_12)
FN:41,(anonymous_13)
FN:66,(anonymous_14)
FN:69,(anonymous_15)
FN:117,(anonymous_16)
FN:123,(anonymous_17)
FN:124,(anonymous_18)
FN:137,(anonymous_19)
FN:143,(anonymous_20)
FN:149,(anonymous_21)
FN:153,(anonymous_22)
FNF:14
FNH:9
FNDA:12,startServer
FNDA:9,(anonymous_10)
FNDA:112,(anonymous_11)
FNDA:119,(anonymous_12)
FNDA:103,(anonymous_13)
FNDA:4,(anonymous_14)
FNDA:5,(anonymous_15)
FNDA:12,(anonymous_16)
FNDA:0,(anonymous_17)
FNDA:0,(anonymous_18)
FNDA:12,(anonymous_19)
FNDA:0,(anonymous_20)
FNDA:0,(anonymous_21)
FNDA:0,(anonymous_22)
DA:1,2
DA:2,2
DA:3,2
DA:4,2
DA:7,2
DA:8,2
DA:10,2
DA:11,2
DA:12,2
DA:14,2
DA:15,12
DA:17,12
DA:18,112
DA:20,112
DA:21,104
DA:22,104
DA:23,104
DA:24,104
DA:25,1
DA:26,1
DA:27,1
DA:31,103
DA:32,103
DA:33,103
DA:34,119
DA:35,119
DA:36,119
DA:37,1
DA:38,1
DA:41,103
DA:42,103
DA:43,102
DA:44,1
DA:45,1
DA:46,1
DA:49,101
DA:50,101
DA:51,101
DA:52,101
DA:54,0
DA:55,0
DA:58,8
DA:59,1
DA:60,1
DA:61,7
DA:62,1
DA:63,1
DA:64,6
DA:65,5
DA:66,5
DA:67,4
DA:69,5
DA:70,5
DA:71,5
DA:72,1
DA:73,1
DA:74,1
DA:76,4
DA:77,3
DA:78,1
DA:79,1
DA:80,1
DA:82,2
DA:87,1
DA:88,1
DA:90,2
DA:91,1
DA:94,1
DA:100,1
DA:102,1
DA:103,1
DA:112,1
DA:113,1
DA:117,12
DA:122,12
DA:123,12
DA:124,0
DA:125,0
DA:126,0
DA:127,0
DA:133,12
DA:134,9
DA:137,12
DA:138,12
DA:142,12
DA:143,12
DA:144,0
DA:145,0
DA:147,0
DA:149,0
DA:150,0
DA:153,0
DA:154,0
DA:155,0
DA:156,0
DA:157,0
DA:162,12
DA:163,12
DA:165,12
LF:99
LH:83
BRDA:20,0,0,104
BRDA:20,0,1,8
BRDA:20,1,0,112
BRDA:20,1,1,104
BRDA:21,2,0,104
BRDA:22,3,0,104
BRDA:22,3,1,4
BRDA:24,4,0,1
BRDA:34,5,0,0
BRDA:36,6,0,1
BRDA:42,7,0,1
BRDA:43,8,0,1
BRDA:43,9,0,102
BRDA:43,9,1,102
BRDA:58,10,0,1
BRDA:58,10,1,7
BRDA:58,11,0,8
BRDA:58,11,1,1
BRDA:61,12,0,1
BRDA:61,12,1,6
BRDA:61,13,0,7
BRDA:61,13,1,1
BRDA:64,14,0,5
BRDA:64,14,1,1
BRDA:64,15,0,6
BRDA:64,15,1,5
BRDA:71,16,0,1
BRDA:77,17,0,1
BRDA:90,18,0,1
BRDA:126,19,0,0
BRDA:133,20,0,9
BRDA:144,21,0,0
BRDA:155,22,0,0
BRF:33
BRH:29
end_of_record
TN:
SF:src/llm/anthropic.ts
FN:9,(anonymous_1)
FN:17,(anonymous_2)
FNF:2
FNH:2
FNDA:3,(anonymous_1)
FNDA:2,(anonymous_2)
DA:1,9
DA:5,9
DA:10,3
DA:11,1
DA:13,2
DA:14,2
DA:18,2
DA:24,1
DA:25,1
DA:28,0
LF:10
LH:9
BRDA:10,0,0,1
BRDA:14,1,0,2
BRDA:14,1,1,2
BRDA:24,2,0,1
BRF:4
BRH:4
end_of_record
TN:
SF:src/llm/gemini.ts
FN:9,(anonymous_0)
FN:17,(anonymous_1)
FNF:2
FNH:2
FNDA:3,(anonymous_0)
FNDA:2,(anonymous_1)
DA:1,9
DA:5,9
DA:10,3
DA:11,1
DA:13,2
DA:14,2
DA:18,2
DA:19,2
DA:20,1
DA:21,1
LF:10
LH:10
BRDA:10,0,0,1
BRDA:14,1,0,2
BRDA:14,1,1,2
BRF:3
BRH:3
end_of_record
TN:
SF:src/llm/index.ts
FN:7,createLLMProvider
FNF:1
FNH:1
FNDA:4,createLLMProvider
DA:2,7
DA:3,7
DA:4,7
DA:7,7
DA:8,4
DA:10,1
DA:12,1
DA:14,1
DA:16,1
LF:9
LH:9
BRDA:8,0,0,1
BRDA:8,0,1,1
BRDA:8,0,2,1
BRDA:8,0,3,1
BRF:4
BRH:4
end_of_record
TN:
SF:src/llm/openai.ts
FN:9,(anonymous_1)
FN:17,(anonymous_2)
FNF:2
FNH:2
FNDA:3,(anonymous_1)
FNDA:2,(anonymous_2)
DA:1,9
DA:5,9
DA:10,3
DA:11,1
DA:13,2
DA:14,2
DA:18,2
DA:22,1
LF:8
LH:8
BRDA:10,0,0,1
BRDA:14,1,0,2
BRDA:14,1,1,2
BRDA:22,2,0,1
BRDA:22,2,1,0
BRF:5
BRH:4
end_of_record
